[04-Jun-2018 10:03:17 UTC] PHP Warning:  require(header.php): failed to open stream: No such file or directory in /home/ubuntu/workspace/Final_Project/Misc/template.php on line 1
[04-Jun-2018 10:03:17 UTC] PHP Stack trace:
[04-Jun-2018 10:03:17 UTC] PHP   1. {main}() /home/ubuntu/workspace/Final_Project/Misc/template.php:0
[04-Jun-2018 10:03:17 UTC] PHP Fatal error:  require(): Failed opening required 'header.php' (include_path='.:/usr/share/php:/usr/share/pear') in /home/ubuntu/workspace/Final_Project/Misc/template.php on line 1
[04-Jun-2018 10:03:17 UTC] PHP Stack trace:
[04-Jun-2018 10:03:17 UTC] PHP   1. {main}() /home/ubuntu/workspace/Final_Project/Misc/template.php:0
[05-Jun-2018 09:32:35 UTC] PHP Parse error:  syntax error, unexpected end of file in /home/ubuntu/workspace/Final_Project/Misc/test.php on line 38
[07-Jun-2018 13:59:13 UTC] PHP Catchable fatal error:  Object of class DateTime could not be converted to string in /home/ubuntu/workspace/Final_Project/Misc/test1.php on line 4
[07-Jun-2018 13:59:13 UTC] PHP Stack trace:
[07-Jun-2018 13:59:13 UTC] PHP   1. {main}() /home/ubuntu/workspace/Final_Project/Misc/test1.php:0
[07-Jun-2018 13:59:45 UTC] PHP Warning:  date_format() expects parameter 1 to be DateTimeInterface, string given in /home/ubuntu/workspace/Final_Project/Misc/test1.php on line 5
[07-Jun-2018 13:59:45 UTC] PHP Stack trace:
[07-Jun-2018 13:59:45 UTC] PHP   1. {main}() /home/ubuntu/workspace/Final_Project/Misc/test1.php:0
[07-Jun-2018 13:59:45 UTC] PHP   2. date_format() /home/ubuntu/workspace/Final_Project/Misc/test1.php:5
[07-Jun-2018 14:00:03 UTC] PHP Warning:  date_format() expects parameter 1 to be DateTimeInterface, string given in /home/ubuntu/workspace/Final_Project/Misc/test1.php on line 5
[07-Jun-2018 14:00:03 UTC] PHP Stack trace:
[07-Jun-2018 14:00:03 UTC] PHP   1. {main}() /home/ubuntu/workspace/Final_Project/Misc/test1.php:0
[07-Jun-2018 14:00:03 UTC] PHP   2. date_format() /home/ubuntu/workspace/Final_Project/Misc/test1.php:5
[07-Jun-2018 14:00:22 UTC] PHP Parse error:  syntax error, unexpected ';' in /home/ubuntu/workspace/Final_Project/Misc/test1.php on line 2
[07-Jun-2018 14:01:05 UTC] PHP Warning:  date_format() expects parameter 1 to be DateTimeInterface, null given in /home/ubuntu/workspace/Final_Project/Misc/test1.php on line 5
[07-Jun-2018 14:01:05 UTC] PHP Stack trace:
[07-Jun-2018 14:01:05 UTC] PHP   1. {main}() /home/ubuntu/workspace/Final_Project/Misc/test1.php:0
[07-Jun-2018 14:01:05 UTC] PHP   2. date_format() /home/ubuntu/workspace/Final_Project/Misc/test1.php:5
[07-Jun-2018 14:05:10 UTC] PHP Warning:  date_format() expects parameter 1 to be DateTimeInterface, string given in /home/ubuntu/workspace/Final_Project/Misc/test1.php on line 5
[07-Jun-2018 14:05:10 UTC] PHP Stack trace:
[07-Jun-2018 14:05:10 UTC] PHP   1. {main}() /home/ubuntu/workspace/Final_Project/Misc/test1.php:0
[07-Jun-2018 14:05:10 UTC] PHP   2. date_format() /home/ubuntu/workspace/Final_Project/Misc/test1.php:5
[08-Jun-2018 14:06:41 UTC] PHP Catchable fatal error:  Object of class DateInterval could not be converted to string in /home/ubuntu/workspace/Final_Project/Misc/test1.php on line 17
[08-Jun-2018 14:06:41 UTC] PHP Stack trace:
[08-Jun-2018 14:06:41 UTC] PHP   1. {main}() /home/ubuntu/workspace/Final_Project/Misc/test1.php:0
[10-Jun-2018 15:34:31 UTC] PHP Fatal error:  Call to undefined function subtractTodaysDate() in /home/ubuntu/workspace/Final_Project/Misc/test1.php on line 34
[10-Jun-2018 15:34:31 UTC] PHP Stack trace:
[10-Jun-2018 15:34:31 UTC] PHP   1. {main}() /home/ubuntu/workspace/Final_Project/Misc/test1.php:0
[10-Jun-2018 15:40:55 UTC] PHP Catchable fatal error:  Object of class DateInterval could not be converted to string in /home/ubuntu/workspace/Final_Project/Misc/test1.php on line 39
[10-Jun-2018 15:40:55 UTC] PHP Stack trace:
[10-Jun-2018 15:40:55 UTC] PHP   1. {main}() /home/ubuntu/workspace/Final_Project/Misc/test1.php:0
[10-Jun-2018 15:42:18 UTC] PHP Catchable fatal error:  Object of class DateInterval could not be converted to string in /home/ubuntu/workspace/Final_Project/Misc/test1.php on line 39
[10-Jun-2018 15:42:18 UTC] PHP Stack trace:
[10-Jun-2018 15:42:18 UTC] PHP   1. {main}() /home/ubuntu/workspace/Final_Project/Misc/test1.php:0
[10-Jun-2018 18:38:24 UTC] PHP Warning:  require(header.php): failed to open stream: No such file or directory in /home/ubuntu/workspace/Final_Project/Misc/test3.php on line 1
[10-Jun-2018 18:38:24 UTC] PHP Stack trace:
[10-Jun-2018 18:38:24 UTC] PHP   1. {main}() /home/ubuntu/workspace/Final_Project/Misc/test3.php:0
[10-Jun-2018 18:38:24 UTC] PHP Fatal error:  require(): Failed opening required 'header.php' (include_path='.:/usr/share/php:/usr/share/pear') in /home/ubuntu/workspace/Final_Project/Misc/test3.php on line 1
[10-Jun-2018 18:38:24 UTC] PHP Stack trace:
[10-Jun-2018 18:38:24 UTC] PHP   1. {main}() /home/ubuntu/workspace/Final_Project/Misc/test3.php:0
[10-Jun-2018 19:04:20 UTC] PHP Warning:  date_diff() expects parameter 1 to be DateTimeInterface, string given in /home/ubuntu/workspace/Final_Project/Misc/test3.php on line 12
[10-Jun-2018 19:04:20 UTC] PHP Stack trace:
[10-Jun-2018 19:04:20 UTC] PHP   1. {main}() /home/ubuntu/workspace/Final_Project/Misc/test3.php:0
[10-Jun-2018 19:04:20 UTC] PHP   2. date_diff() /home/ubuntu/workspace/Final_Project/Misc/test3.php:12
[10-Jun-2018 19:05:24 UTC] PHP Catchable fatal error:  Object of class DateInterval could not be converted to string in /home/ubuntu/workspace/Final_Project/Misc/test3.php on line 12
[10-Jun-2018 19:05:24 UTC] PHP Stack trace:
[10-Jun-2018 19:05:24 UTC] PHP   1. {main}() /home/ubuntu/workspace/Final_Project/Misc/test3.php:0
[10-Jun-2018 19:07:21 UTC] PHP Catchable fatal error:  Object of class DateInterval could not be converted to string in /home/ubuntu/workspace/Final_Project/Misc/test3.php on line 15
[10-Jun-2018 19:07:21 UTC] PHP Stack trace:
[10-Jun-2018 19:07:21 UTC] PHP   1. {main}() /home/ubuntu/workspace/Final_Project/Misc/test3.php:0
[10-Jun-2018 19:19:02 UTC] PHP Catchable fatal error:  Object of class DateInterval could not be converted to string in /home/ubuntu/workspace/Final_Project/Misc/test3.php on line 26
[10-Jun-2018 19:19:02 UTC] PHP Stack trace:
[10-Jun-2018 19:19:02 UTC] PHP   1. {main}() /home/ubuntu/workspace/Final_Project/Misc/test3.php:0
[10-Jun-2018 19:22:04 UTC] PHP Warning:  array_shift() expects exactly 1 parameter, 2 given in /home/ubuntu/workspace/Final_Project/Misc/test3.php on line 27
[10-Jun-2018 19:22:04 UTC] PHP Stack trace:
[10-Jun-2018 19:22:04 UTC] PHP   1. {main}() /home/ubuntu/workspace/Final_Project/Misc/test3.php:0
[10-Jun-2018 19:22:04 UTC] PHP   2. array_shift() /home/ubuntu/workspace/Final_Project/Misc/test3.php:27
[10-Jun-2018 19:22:04 UTC] PHP Warning:  array_shift() expects exactly 1 parameter, 2 given in /home/ubuntu/workspace/Final_Project/Misc/test3.php on line 27
[10-Jun-2018 19:22:04 UTC] PHP Stack trace:
[10-Jun-2018 19:22:04 UTC] PHP   1. {main}() /home/ubuntu/workspace/Final_Project/Misc/test3.php:0
[10-Jun-2018 19:22:04 UTC] PHP   2. array_shift() /home/ubuntu/workspace/Final_Project/Misc/test3.php:27
[10-Jun-2018 19:22:04 UTC] PHP Warning:  array_shift() expects exactly 1 parameter, 2 given in /home/ubuntu/workspace/Final_Project/Misc/test3.php on line 27
[10-Jun-2018 19:22:04 UTC] PHP Stack trace:
[10-Jun-2018 19:22:04 UTC] PHP   1. {main}() /home/ubuntu/workspace/Final_Project/Misc/test3.php:0
[10-Jun-2018 19:22:04 UTC] PHP   2. array_shift() /home/ubuntu/workspace/Final_Project/Misc/test3.php:27
[10-Jun-2018 19:22:04 UTC] PHP Warning:  array_shift() expects exactly 1 parameter, 2 given in /home/ubuntu/workspace/Final_Project/Misc/test3.php on line 27
[10-Jun-2018 19:22:04 UTC] PHP Stack trace:
[10-Jun-2018 19:22:04 UTC] PHP   1. {main}() /home/ubuntu/workspace/Final_Project/Misc/test3.php:0
[10-Jun-2018 19:22:04 UTC] PHP   2. array_shift() /home/ubuntu/workspace/Final_Project/Misc/test3.php:27
[10-Jun-2018 19:22:04 UTC] PHP Warning:  array_shift() expects exactly 1 parameter, 2 given in /home/ubuntu/workspace/Final_Project/Misc/test3.php on line 27
[10-Jun-2018 19:22:04 UTC] PHP Stack trace:
[10-Jun-2018 19:22:04 UTC] PHP   1. {main}() /home/ubuntu/workspace/Final_Project/Misc/test3.php:0
[10-Jun-2018 19:22:04 UTC] PHP   2. array_shift() /home/ubuntu/workspace/Final_Project/Misc/test3.php:27
[10-Jun-2018 19:22:04 UTC] PHP Warning:  array_shift() expects exactly 1 parameter, 2 given in /home/ubuntu/workspace/Final_Project/Misc/test3.php on line 27
[10-Jun-2018 19:22:04 UTC] PHP Stack trace:
[10-Jun-2018 19:22:04 UTC] PHP   1. {main}() /home/ubuntu/workspace/Final_Project/Misc/test3.php:0
[10-Jun-2018 19:22:04 UTC] PHP   2. array_shift() /home/ubuntu/workspace/Final_Project/Misc/test3.php:27
[10-Jun-2018 19:42:21 UTC] PHP Warning:  Division by zero in /home/ubuntu/workspace/Final_Project/Misc/test3.php on line 29
[10-Jun-2018 19:42:21 UTC] PHP Stack trace:
[10-Jun-2018 19:42:21 UTC] PHP   1. {main}() /home/ubuntu/workspace/Final_Project/Misc/test3.php:0
